<?xml version="1.0" encoding="UTF-8"?>
<testng-results skipped="0" failed="0" ignored="0" total="1" passed="1">
  <reporter-output>
  </reporter-output>
  <suite name="Default suite" duration-ms="17951" started-at="2020-03-05T06:19:07Z" finished-at="2020-03-05T06:19:25Z">
    <groups>
    </groups>
    <test name="Default test" duration-ms="17951" started-at="2020-03-05T06:19:07Z" finished-at="2020-03-05T06:19:25Z">
      <class name="sepgrms.ThemeforestLaunch">
        <test-method status="PASS" signature="Themeforestopen()[pri:0, instance:sepgrms.ThemeforestLaunch@735b5592]" name="Themeforestopen" duration-ms="17918" started-at="2020-03-05T11:49:07Z" finished-at="2020-03-05T11:49:25Z">
          <reporter-output>
          </reporter-output>
        </test-method> <!-- Themeforestopen -->
      </class> <!-- sepgrms.ThemeforestLaunch -->
    </test> <!-- Default test -->
  </suite> <!-- Default suite -->
</testng-results>
